<?xml version="1.0" encoding="UTF-8"?>
<!-- Generated by org.testng.reporters.JUnitReportReporter -->
<testsuite skipped="0" hostname="siddheshs-MacBook-Pro.local" name="com.tests.LoginAndRegistrationTests" tests="5" failures="0" timestamp="10 Aug 2018 19:50:42 GMT" time="14.758" errors="0">
  <testcase name="testLoginPageLoads" time="4.279" classname="com.tests.LoginAndRegistrationTests"/>
  <testcase name="testRegisterUserFunctionality" time="2.212" classname="com.tests.LoginAndRegistrationTests"/>
  <testcase name="testloginUserFunctionality" time="1.804" classname="com.tests.LoginAndRegistrationTests"/>
  <testcase name="testDeleteUserFunctionality" time="4.226" classname="com.tests.LoginAndRegistrationTests"/>
  <testcase name="testResetUserFunctionality" time="2.237" classname="com.tests.LoginAndRegistrationTests"/>
</testsuite> <!-- com.tests.LoginAndRegistrationTests -->
