<?xml version="1.0" encoding="UTF-8"?>
<!-- Generated by org.testng.reporters.JUnitReportReporter -->
<testsuite skipped="0" hostname="siddheshs-MacBook-Pro.local" name="com.tests.LoginTest" tests="5" failures="0" timestamp="10 Aug 2018 18:55:18 GMT" time="8.714" errors="0">
  <testcase name="testLoginPageLoads" time="1.465" classname="com.tests.LoginTest"/>
  <testcase name="testDeleteUserFunctionality" time="3.420" classname="com.tests.LoginTest"/>
  <testcase name="testloginUserFunctionality" time="0.543" classname="com.tests.LoginTest"/>
  <testcase name="testRegisterUserFunctionality" time="2.643" classname="com.tests.LoginTest"/>
  <testcase name="testResetUserFunctionality" time="0.643" classname="com.tests.LoginTest"/>
</testsuite> <!-- com.tests.LoginTest -->
